<?xml version="1.0" encoding="UTF-8"?>
<testsuite xmlns:xsi="http://www.w3.org/2001/XMLSchema-instance" xsi:noNamespaceSchemaLocation="https://maven.apache.org/surefire/maven-surefire-plugin/xsd/surefire-test-report-3.0.xsd" version="3.0" name="org.example.test.WebServletTest" time="0.757" tests="2" errors="0" skipped="0" failures="0">
  <properties>
[...]
</properties>
  <testcase name="testArtistsGet" classname="org.example.test.WebServletTest" time="0.707">
    <system-out><![CDATA[GET RESPONSE IN JSON - single element: {"id":"id200"}
GET RESPONSE IN JSON - all elements {"id_5":"artist_name_5","id_4":"artist_name_4","id_6":"artist_name_6","id_1":"artist_name_1","id_3":"artist_name_3","id_2":"artist_name_2"}

]]></system-out>
  </testcase>
  <testcase name="testArtistsPost" classname="org.example.test.WebServletTest" time="0.022">
    <system-out><![CDATA[POST RESPONSE: Artist artist200 is added to the database.

]]></system-out>
  </testcase>
</testsuite>